c:\users\yaman\source\repos\outinspace\outinspace\debug\vc141.pdb
c:\users\yaman\source\repos\outinspace\outinspace\debug\vc141.idb
c:\users\yaman\source\repos\outinspace\outinspace\debug\player.obj
c:\users\yaman\source\repos\outinspace\outinspace\debug\game.obj
c:\users\yaman\source\repos\outinspace\outinspace\debug\stats.obj
c:\users\yaman\source\repos\outinspace\outinspace\debug\main.obj
c:\users\yaman\source\repos\outinspace\outinspace\debug\enemy.obj
c:\users\yaman\source\repos\outinspace\outinspace\debug\menu.obj
c:\users\yaman\source\repos\outinspace\debug\outinspace.exe
c:\users\yaman\source\repos\outinspace\debug\outinspace.ilk
c:\users\yaman\source\repos\outinspace\debug\outinspace.pdb
c:\users\yaman\source\repos\outinspace\outinspace\debug\outinspace.res
c:\users\yaman\source\repos\outinspace\outinspace\debug\outinspace.tlog\cl.command.1.tlog
c:\users\yaman\source\repos\outinspace\outinspace\debug\outinspace.tlog\cl.read.1.tlog
c:\users\yaman\source\repos\outinspace\outinspace\debug\outinspace.tlog\cl.write.1.tlog
c:\users\yaman\source\repos\outinspace\outinspace\debug\outinspace.tlog\link-cvtres.read.1.tlog
c:\users\yaman\source\repos\outinspace\outinspace\debug\outinspace.tlog\link-cvtres.write.1.tlog
c:\users\yaman\source\repos\outinspace\outinspace\debug\outinspace.tlog\link-rc.read.1.tlog
c:\users\yaman\source\repos\outinspace\outinspace\debug\outinspace.tlog\link-rc.write.1.tlog
c:\users\yaman\source\repos\outinspace\outinspace\debug\outinspace.tlog\link.1148-cvtres.read.1.tlog
c:\users\yaman\source\repos\outinspace\outinspace\debug\outinspace.tlog\link.1148-cvtres.write.1.tlog
c:\users\yaman\source\repos\outinspace\outinspace\debug\outinspace.tlog\link.1148-rc.read.1.tlog
c:\users\yaman\source\repos\outinspace\outinspace\debug\outinspace.tlog\link.1148-rc.write.1.tlog
c:\users\yaman\source\repos\outinspace\outinspace\debug\outinspace.tlog\link.1148.read.1.tlog
c:\users\yaman\source\repos\outinspace\outinspace\debug\outinspace.tlog\link.1148.write.1.tlog
c:\users\yaman\source\repos\outinspace\outinspace\debug\outinspace.tlog\link.command.1.tlog
c:\users\yaman\source\repos\outinspace\outinspace\debug\outinspace.tlog\link.read.1.tlog
c:\users\yaman\source\repos\outinspace\outinspace\debug\outinspace.tlog\link.write.1.tlog
c:\users\yaman\source\repos\outinspace\outinspace\debug\outinspace.tlog\rc.command.1.tlog
c:\users\yaman\source\repos\outinspace\outinspace\debug\outinspace.tlog\rc.read.1.tlog
c:\users\yaman\source\repos\outinspace\outinspace\debug\outinspace.tlog\rc.write.1.tlog
