c:\users\yaman\source\repos\outinspace\outinspace\release\vc141.pdb
c:\users\yaman\source\repos\outinspace\outinspace\release\textureholder.obj
c:\users\yaman\source\repos\outinspace\outinspace\release\player.obj
c:\users\yaman\source\repos\outinspace\outinspace\release\pickup.obj
c:\users\yaman\source\repos\outinspace\outinspace\release\movingbackground.obj
c:\users\yaman\source\repos\outinspace\outinspace\release\menu.obj
c:\users\yaman\source\repos\outinspace\outinspace\release\main.obj
c:\users\yaman\source\repos\outinspace\outinspace\release\healthcounter.obj
c:\users\yaman\source\repos\outinspace\outinspace\release\game.obj
c:\users\yaman\source\repos\outinspace\outinspace\release\enemy.obj
c:\users\yaman\source\repos\outinspace\outinspace\release\distancecounter.obj
c:\users\yaman\source\repos\outinspace\outinspace\release\collider.obj
c:\users\yaman\source\repos\outinspace\outinspace\release\button.obj
c:\users\yaman\source\repos\outinspace\outinspace\release\bullet.obj
c:\users\yaman\source\repos\outinspace\outinspace\release\ammocounter.obj
c:\users\yaman\source\repos\outinspace\outinspace\release\animation.obj
c:\users\yaman\source\repos\outinspace\outinspace\release\textures.obj
c:\users\yaman\source\repos\outinspace\outinspace\release\globals.obj
c:\users\yaman\source\repos\outinspace\outinspace\release\enemy2.obj
c:\users\yaman\source\repos\outinspace\outinspace\release\enemy1.obj
c:\users\yaman\source\repos\outinspace\outinspace\release\scorecounter.obj
c:\users\yaman\source\repos\outinspace\release\outinspace.ipdb
c:\users\yaman\source\repos\outinspace\release\outinspace.iobj
c:\users\yaman\source\repos\outinspace\outinspace\release\outinspace.res
c:\users\yaman\source\repos\outinspace\release\outinspace.pdb
c:\users\yaman\source\repos\outinspace\outinspace\release\outinspace.tlog\cl.command.1.tlog
c:\users\yaman\source\repos\outinspace\outinspace\release\outinspace.tlog\cl.read.1.tlog
c:\users\yaman\source\repos\outinspace\outinspace\release\outinspace.tlog\cl.write.1.tlog
c:\users\yaman\source\repos\outinspace\outinspace\release\outinspace.tlog\link.command.1.tlog
c:\users\yaman\source\repos\outinspace\outinspace\release\outinspace.tlog\link.read.1.tlog
c:\users\yaman\source\repos\outinspace\outinspace\release\outinspace.tlog\link.write.1.tlog
c:\users\yaman\source\repos\outinspace\outinspace\release\outinspace.tlog\outinspace.write.1u.tlog
c:\users\yaman\source\repos\outinspace\outinspace\release\outinspace.tlog\rc.command.1.tlog
c:\users\yaman\source\repos\outinspace\outinspace\release\outinspace.tlog\rc.read.1.tlog
c:\users\yaman\source\repos\outinspace\outinspace\release\outinspace.tlog\rc.write.1.tlog
